Processing annotations in file /dev/fd/63


[sgg-->deu]
UPC: 1707
translator-A: 1763
MSMunich: 1874
SLATTIC: 1815
UZH-test: 1903
dfki: 1812
njupt-mtt: 1808
DFKI-MLT: 1809
UPC-->1707
translator-A-->1763
MSMunich-->1874
SLATTIC-->1815
UZH-test-->1903
dfki-->1812
njupt-mtt-->1808
DFKI-MLT-->1809
1.89 ('translator-A', 1763, 1.885877657511188, 87.05103969754255, 3.886578449905482)
-0.12 ('MSMunich', 1874, -0.12476265976865715, 2.074669187145558, 1.0604914933837428)
-0.17 ('SLATTIC', 1815, -0.16611786584450478, 2.0077977315689983, 1.0642722117202268)
-0.24 ('UZH-test', 1903, -0.24123653960899236, 0.520478890989288, 1.0170132325141776)
-0.29 ('dfki', 1812, -0.289966517155696, 0.33916194076874606, 1.011342155009452)
-0.32 ('DFKI-MLT', 1809, -0.3188347836922127, 0.43730308758664144, 1.0132325141776937)
-0.33 ('UPC', 1707, -0.32959489002139386, 0.20652173913043478, 1.005671077504726)
-0.33 ('njupt-mtt', 1808, -0.33227885263053447, 0.04111531190926276, 1.0)
--------------------------------------------------------------------------------
Wins                                         System ID  Z Score H Score  R Score
07                                        translator-A  1.88588 3.88658 87.05104
--------------------------------------------------------------------------------
04                                            MSMunich -0.12476 1.06049 2.07467
04                                             SLATTIC -0.16612 1.06427 2.00780
04                                            UZH-test -0.24124 1.01701 0.52048
--------------------------------------------------------------------------------
02                                                dfki -0.28997 1.01134 0.33916
00                                            DFKI-MLT -0.31883 1.01323 0.43730
01                                                 UPC -0.32959 1.00567 0.20652
00                                           njupt-mtt -0.33228 1.00000 0.04112
--------------------------------------------------------------------------------

{\bf  \tto{Swiss-German Sign Language}{German} } \\[0.5mm] 
\begin{tabular}{cccrl}
& Rank & Ave. & Ave. z & System\\ \hline
\Uncon{} & 1 & 87.1 & 1.886 & translator-A\\ \hline
\Uncon{} & 2-4 & 2.1 & -0.125 & MSMunich\\
\Uncon{} & 2-4 & 2.0 & -0.166 & SLATTIC\\
\Uncon{} & 2-4 & 0.5 & -0.241 & UZH-test\\ \hline
\Uncon{} & 5-6 & 0.3 & -0.290 & dfki\\
\Uncon{} & 6-8 & 0.4 & -0.319 & DFKI-MLT\\
\Uncon{} & 5-7 & 0.2 & -0.330 & UPC\\
\Uncon{} & 7-8 & 0.0 & -0.332 & njupt-mtt\\ \hline
\hline
\end{tabular}



pair	system	rank	ave	ave_z
dsgs-de	translator-A	1	87.1	1.886
dsgs-de	MSMunich	2-4	2.1	-0.125
dsgs-de	SLATTIC	2-4	2.0	-0.166
dsgs-de	UZH-test	2-4	0.5	-0.241
dsgs-de	dfki	5-6	0.3	-0.290
dsgs-de	DFKI-MLT	6-8	0.4	-0.319
dsgs-de	UPC	5-7	0.2	-0.330
dsgs-de	njupt-mtt	7-8	0.0	-0.332

